[git-auto-sync] 開始監控 /home/node/.openclaw/workspace
[git-auto-sync] 按 Ctrl+C 停止
Terminated
[git-auto-sync] 偵測到變動 (#1) - 等待稳定...
[git-auto-sync] 發現變更，執行同步...
error: 'agents/editor/' does not have a commit checked out
fatal: adding files failed
On branch master
Your branch is up to date with 'origin/master'.

Changes not staged for commit:
  (use "git add/rm <file>..." to update what will be committed)
  (use "git restore <file>..." to discard changes in working directory)
	deleted:    "obsidian vault/MapleStory-v83/00-\345\255\270\347\277\222\345\234\260\345\234\226/\360\237\227\272\357\270\217-\345\255\270\347\277\222\345\234\260\345\234\226.md"
	deleted:    "obsidian vault/MapleStory-v83/01-\345\237\272\347\244\216\347\237\245\350\255\230/1.1-MapleStory-\346\236\266\346\247\213.md"
	deleted:    "obsidian vault/MapleStory-v83/01-\345\237\272\347\244\216\347\237\245\350\255\230/1.2-WZ-\346\252\224\346\241\210\347\263\273\347\265\261.md"
	deleted:    "obsidian vault/MapleStory-v83/01-\345\237\272\347\244\216\347\237\245\350\255\230/1.3-\345\277\205\345\202\231\350\241\223\350\252\236.md"
	deleted:    "obsidian vault/MapleStory-v83/01-\345\237\272\347\244\216\347\237\245\350\255\230/\360\237\223\232-\347\253\240\347\257\200\346\246\202\350\246\275.md"
	deleted:    "obsidian vault/MapleStory-v83/02-\345\256\242\346\210\266\347\253\257\344\277\256\346\224\271/2.1-\345\256\242\346\210\266\347\253\257\344\277\256\346\224\271\345\216\237\347\220\206.md"
	deleted:    "obsidian vault/MapleStory-v83/02-\345\256\242\346\210\266\347\253\257\344\277\256\346\224\271/2.2-Hex-\347\267\250\350\274\257\345\231\250\344\277\256\346\224\271.md"
	deleted:    "obsidian vault/MapleStory-v83/02-\345\256\242\346\210\266\347\253\257\344\277\256\346\224\271/2.3-STRedit-\345\255\227\344\270\262\344\277\256\346\224\271.md"
	deleted:    "obsidian vault/MapleStory-v83/02-\345\256\242\346\210\266\347\253\257\344\277\256\346\224\271/2.4-Themida-\350\204\253\346\256\274.md"
	deleted:    "obsidian vault/MapleStory-v83/02-\345\256\242\346\210\266\347\253\257\344\277\256\346\224\271/2.5-\345\216\273\351\231\244\344\277\235\350\255\267.md"
	deleted:    "obsidian vault/MapleStory-v83/02-\345\256\242\346\210\266\347\253\257\344\277\256\346\224\271/\360\237\223\232-\347\253\240\347\257\200\346\246\202\350\246\275.md"
	deleted:    "obsidian vault/MapleStory-v83/03-\344\274\272\346\234\215\345\231\250\351\226\213\347\231\274/3.1-\347\222\260\345\242\203\346\236\266\350\250\255.md"
	deleted:    "obsidian vault/MapleStory-v83/03-\344\274\272\346\234\215\345\231\250\351\226\213\347\231\274/3.2-\351\237\263\346\272\220\347\267\250\350\255\257.md"
	deleted:    "obsidian vault/MapleStory-v83/03-\344\274\272\346\234\215\345\231\250\351\226\213\347\231\274/3.3-\350\263\207\346\226\231\345\272\253\350\250\255\345\256\232.md"
	deleted:    "obsidian vault/MapleStory-v83/03-\344\274\272\346\234\215\345\231\250\351\226\213\347\231\274/3.4-\344\274\272\346\234\215\345\231\250\351\205\215\347\275\256.md"
	deleted:    "obsidian vault/MapleStory-v83/03-\344\274\272\346\234\215\345\231\250\351\226\213\347\231\274/\360\237\223\232-\347\253\240\347\257\200\346\246\202\350\246\275.md"
	deleted:    "obsidian vault/MapleStory-v83/04-\351\200\262\351\232\216\344\270\273\351\241\214/4.1-Wireshark-\346\212\223\345\214\205.md"
	deleted:    "obsidian vault/MapleStory-v83/04-\351\200\262\351\232\216\344\270\273\351\241\214/4.2-Opcode-\347\265\220\346\247\213.md"
	deleted:    "obsidian vault/MapleStory-v83/04-\351\200\262\351\232\216\344\270\273\351\241\214/4.3-NPC-\350\205\263\346\234\254.md"
	deleted:    "obsidian vault/MapleStory-v83/04-\351\200\262\351\232\216\344\270\273\351\241\214/4.4-\345\256\242\346\210\266\347\253\257\344\277\256\346\224\271-\351\200\262\351\232\216.md"
	deleted:    "obsidian vault/MapleStory-v83/04-\351\200\262\351\232\216\344\270\273\351\241\214/\360\237\223\232-\347\253\240\347\257\200\346\246\202\350\246\275.md"
	deleted:    "obsidian vault/MapleStory-v83/05-\345\267\245\345\205\267\350\263\207\346\272\220/\360\237\223\232-\347\253\240\347\257\200\346\246\202\350\246\275.md"
	deleted:    "obsidian vault/MapleStory-v83/99-\345\255\270\347\277\222\346\227\245\350\252\214/\360\237\223\223-\345\255\270\347\277\222\346\227\245\350\252\214.md"
	deleted:    "obsidian vault/MapleStory-v83/\345\216\237\345\247\213\347\237\245\350\255\230\345\272\253.md"

Untracked files:
  (use "git add <file>..." to include in what will be committed)
	.clawhub/
	.openclaw/
	AGENTS.md
	BOOTSTRAP.md
	HEARTBEAT.md
	IDENTITY.md
	SOUL.md
	TOOLS.md
	USER.md
	agents/
	best_01_window_scare.mp4
	best_02_door_prank.mp4
	best_03_dance_reaction.mp4
	best_04_husband_scare.mp4
	best_05_shock_face.mp4
	best_06_guy_fawkes.mp4
	best_07_pot_prank.mp4
	best_prank_compilation.mp4
	filelist.txt
	frames/
	logs/
	maplestory_v83_knowledge.md
	prank_video.mp4
	scripts/
	skills/
	test-sync.txt
	test_inotify.txt

no changes added to commit (use "git add" and/or "git commit -a")
error: src refspec main does not match any
error: failed to push some refs to 'https://github.com/FCL2025/Initial-GMSv83-knowledge.git'
[git-auto-sync] ⚠️ Push 失敗（可能沒有變更）
